2019-05-09 15:26:38,100 INFO o.a.j.u.JMeterUtils: Setting Locale to en_EN
2019-05-09 15:26:38,132 INFO o.a.j.JMeter: Loading user properties from: C:\work\apache-jmeter-5.1.1\bin\user.properties
2019-05-09 15:26:38,132 INFO o.a.j.JMeter: Loading system properties from: C:\work\apache-jmeter-5.1.1\bin\system.properties
2019-05-09 15:26:38,132 INFO o.a.j.JMeter: Copyright (c) 1998-2019 The Apache Software Foundation
2019-05-09 15:26:38,132 INFO o.a.j.JMeter: Version 5.1.1 r1855137
2019-05-09 15:26:38,132 INFO o.a.j.JMeter: java.version=1.8.0_144
2019-05-09 15:26:38,132 INFO o.a.j.JMeter: java.vm.name=Java HotSpot(TM) 64-Bit Server VM
2019-05-09 15:26:38,132 INFO o.a.j.JMeter: os.name=Windows 7
2019-05-09 15:26:38,132 INFO o.a.j.JMeter: os.arch=amd64
2019-05-09 15:26:38,132 INFO o.a.j.JMeter: os.version=6.1
2019-05-09 15:26:38,132 INFO o.a.j.JMeter: file.encoding=Cp1252
2019-05-09 15:26:38,132 INFO o.a.j.JMeter: java.awt.headless=null
2019-05-09 15:26:38,132 INFO o.a.j.JMeter: Max memory     =1073741824
2019-05-09 15:26:38,132 INFO o.a.j.JMeter: Available Processors =2
2019-05-09 15:26:38,148 INFO o.a.j.JMeter: Default Locale=English (EN)
2019-05-09 15:26:38,148 INFO o.a.j.JMeter: JMeter  Locale=English (EN)
2019-05-09 15:26:38,148 INFO o.a.j.JMeter: JMeterHome=C:\work\apache-jmeter-5.1.1
2019-05-09 15:26:38,148 INFO o.a.j.JMeter: user.dir  =C:\Users\Admin\Desktop\Final project\TaskManagerService-master\TaskManagerService-master
2019-05-09 15:26:38,148 INFO o.a.j.JMeter: PWD       =C:\Users\Admin\Desktop\Final project\TaskManagerService-master\TaskManagerService-master
2019-05-09 15:26:38,148 INFO o.a.j.JMeter: IP: 172.18.1.114 Name: Javafs FullName: 172.18.1.114
2019-05-09 15:26:38,352 INFO o.a.j.g.a.LookAndFeelCommand: Installing Darcula LAF
2019-05-09 15:26:38,368 INFO o.a.j.g.a.LookAndFeelCommand: Using look and feel: javax.swing.plaf.nimbus.NimbusLookAndFeel [Darcula]
2019-05-09 15:26:38,368 INFO o.a.j.JMeter: Setting LAF to: javax.swing.plaf.nimbus.NimbusLookAndFeel
2019-05-09 15:26:38,399 INFO o.a.j.JMeter: Loaded icon properties from org/apache/jmeter/images/icon.properties
2019-05-09 15:26:41,403 INFO o.a.j.p.h.s.HTTPSamplerBase: Parser for text/html is org.apache.jmeter.protocol.http.parser.LagartoBasedHtmlParser
2019-05-09 15:26:41,403 INFO o.a.j.p.h.s.HTTPSamplerBase: Parser for application/xhtml+xml is org.apache.jmeter.protocol.http.parser.LagartoBasedHtmlParser
2019-05-09 15:26:41,403 INFO o.a.j.p.h.s.HTTPSamplerBase: Parser for application/xml is org.apache.jmeter.protocol.http.parser.LagartoBasedHtmlParser
2019-05-09 15:26:41,403 INFO o.a.j.p.h.s.HTTPSamplerBase: Parser for text/xml is org.apache.jmeter.protocol.http.parser.LagartoBasedHtmlParser
2019-05-09 15:26:41,403 INFO o.a.j.p.h.s.HTTPSamplerBase: Parser for text/vnd.wap.wml is org.apache.jmeter.protocol.http.parser.RegexpHTMLParser
2019-05-09 15:26:41,403 INFO o.a.j.p.h.s.HTTPSamplerBase: Parser for text/css is org.apache.jmeter.protocol.http.parser.CssParser
2019-05-09 15:26:41,747 INFO o.a.j.e.KeyToolUtils: keytool found at 'keytool'
2019-05-09 15:26:41,747 INFO o.a.j.p.h.p.ProxyControl: HTTP(S) Test Script Recorder SSL Proxy will use keys that support embedded 3rd party resources in file C:\work\apache-jmeter-5.1.1\bin\proxyserver.jks
2019-05-09 15:26:41,965 INFO o.a.j.s.FileServer: Default base='C:\Users\Admin\Desktop\Final project\TaskManagerService-master\TaskManagerService-master'
2019-05-09 15:26:42,825 INFO o.a.j.s.SampleResult: Note: Sample TimeStamps are START times
2019-05-09 15:26:42,825 INFO o.a.j.s.SampleResult: sampleresult.default.encoding is set to ISO-8859-1
2019-05-09 15:26:42,825 INFO o.a.j.s.SampleResult: sampleresult.useNanoTime=true
2019-05-09 15:26:42,825 INFO o.a.j.s.SampleResult: sampleresult.nanoThreadSleep=5000
2019-05-09 15:26:47,510 INFO o.a.j.g.a.Load: Loading file: C:\Users\Admin\Desktop\Final project\TaskManagerService-master\TaskManagerService-master\my unit test.jmx
2019-05-09 15:26:47,510 INFO o.a.j.s.FileServer: Set new base='C:\Users\Admin\Desktop\Final project\TaskManagerService-master\TaskManagerService-master'
2019-05-09 15:26:47,666 INFO o.a.j.s.SaveService: Testplan (JMX) version: 2.2. Testlog (JTL) version: 2.2
2019-05-09 15:26:47,682 INFO o.a.j.s.SaveService: Using SaveService properties file encoding UTF-8
2019-05-09 15:26:47,682 INFO o.a.j.s.SaveService: Using SaveService properties version 5.0
2019-05-09 15:26:47,682 INFO o.a.j.s.SaveService: Loading file: C:\Users\Admin\Desktop\Final project\TaskManagerService-master\TaskManagerService-master\my unit test.jmx
2019-05-09 15:26:47,791 INFO o.a.j.s.FileServer: Set new base='C:\Users\Admin\Desktop\Final project\TaskManagerService-master\TaskManagerService-master'
2019-05-09 15:27:07,680 INFO o.a.j.e.StandardJMeterEngine: Running the test!
2019-05-09 15:27:07,680 INFO o.a.j.s.SampleEvent: List of sample_variables: []
2019-05-09 15:27:07,680 INFO o.a.j.s.SampleEvent: List of sample_variables: []
2019-05-09 15:27:07,680 INFO o.a.j.e.u.CompoundVariable: Note: Function class names must contain the string: '.functions.'
2019-05-09 15:27:07,680 INFO o.a.j.e.u.CompoundVariable: Note: Function class names must not contain the string: '.gui.'
2019-05-09 15:27:08,290 INFO o.a.j.g.u.JMeterMenuBar: setRunning(true, *local*)
2019-05-09 15:27:08,461 INFO o.a.j.e.StandardJMeterEngine: Starting ThreadGroup: 1 : Thread Group
2019-05-09 15:27:08,461 INFO o.a.j.e.StandardJMeterEngine: Starting 10 threads for group Thread Group.
2019-05-09 15:27:08,461 INFO o.a.j.e.StandardJMeterEngine: Thread will continue on error
2019-05-09 15:27:08,461 INFO o.a.j.t.ThreadGroup: Starting thread group... number=1 threads=10 ramp-up=1 delayedStart=false
2019-05-09 15:27:08,477 INFO o.a.j.t.ThreadGroup: Started thread group number 1
2019-05-09 15:27:08,477 INFO o.a.j.e.StandardJMeterEngine: All thread groups have been started
2019-05-09 15:27:08,696 INFO o.a.j.t.JMeterThread: Thread started: Thread Group 1-1
2019-05-09 15:27:08,696 INFO o.a.j.p.j.s.JUnitSampler: Trying to find constructor with one String parameter returned error: test.RerunTest.<init>(java.lang.String)
2019-05-09 15:27:08,696 WARN o.a.j.p.j.s.JUnitSampler: test.RerunTest.setUp()
2019-05-09 15:27:08,696 WARN o.a.j.p.j.s.JUnitSampler: test.RerunTest.tearDown()
2019-05-09 15:27:08,696 INFO o.a.j.t.JMeterThread: Thread is done: Thread Group 1-1
2019-05-09 15:27:08,696 INFO o.a.j.t.JMeterThread: Thread finished: Thread Group 1-1
2019-05-09 15:27:08,812 INFO o.a.j.t.JMeterThread: Thread started: Thread Group 1-2
2019-05-09 15:27:08,812 INFO o.a.j.p.j.s.JUnitSampler: Trying to find constructor with one String parameter returned error: test.RerunTest.<init>(java.lang.String)
2019-05-09 15:27:08,812 WARN o.a.j.p.j.s.JUnitSampler: test.RerunTest.setUp()
2019-05-09 15:27:08,812 WARN o.a.j.p.j.s.JUnitSampler: test.RerunTest.tearDown()
2019-05-09 15:27:08,814 INFO o.a.j.t.JMeterThread: Thread is done: Thread Group 1-2
2019-05-09 15:27:08,814 INFO o.a.j.t.JMeterThread: Thread finished: Thread Group 1-2
2019-05-09 15:27:08,896 INFO o.a.j.t.JMeterThread: Thread started: Thread Group 1-3
2019-05-09 15:27:08,897 INFO o.a.j.p.j.s.JUnitSampler: Trying to find constructor with one String parameter returned error: test.RerunTest.<init>(java.lang.String)
2019-05-09 15:27:08,899 WARN o.a.j.p.j.s.JUnitSampler: test.RerunTest.setUp()
2019-05-09 15:27:08,899 WARN o.a.j.p.j.s.JUnitSampler: test.RerunTest.tearDown()
2019-05-09 15:27:08,899 INFO o.a.j.t.JMeterThread: Thread is done: Thread Group 1-3
2019-05-09 15:27:08,899 INFO o.a.j.t.JMeterThread: Thread finished: Thread Group 1-3
2019-05-09 15:27:08,997 INFO o.a.j.t.JMeterThread: Thread started: Thread Group 1-4
2019-05-09 15:27:08,997 INFO o.a.j.p.j.s.JUnitSampler: Trying to find constructor with one String parameter returned error: test.RerunTest.<init>(java.lang.String)
2019-05-09 15:27:08,997 WARN o.a.j.p.j.s.JUnitSampler: test.RerunTest.setUp()
2019-05-09 15:27:08,997 WARN o.a.j.p.j.s.JUnitSampler: test.RerunTest.tearDown()
2019-05-09 15:27:08,998 INFO o.a.j.t.JMeterThread: Thread is done: Thread Group 1-4
2019-05-09 15:27:08,999 INFO o.a.j.t.JMeterThread: Thread finished: Thread Group 1-4
2019-05-09 15:27:09,096 INFO o.a.j.t.JMeterThread: Thread started: Thread Group 1-5
2019-05-09 15:27:09,096 INFO o.a.j.p.j.s.JUnitSampler: Trying to find constructor with one String parameter returned error: test.RerunTest.<init>(java.lang.String)
2019-05-09 15:27:09,096 WARN o.a.j.p.j.s.JUnitSampler: test.RerunTest.setUp()
2019-05-09 15:27:09,096 WARN o.a.j.p.j.s.JUnitSampler: test.RerunTest.tearDown()
2019-05-09 15:27:09,097 INFO o.a.j.t.JMeterThread: Thread is done: Thread Group 1-5
2019-05-09 15:27:09,097 INFO o.a.j.t.JMeterThread: Thread finished: Thread Group 1-5
2019-05-09 15:27:09,203 INFO o.a.j.t.JMeterThread: Thread started: Thread Group 1-6
2019-05-09 15:27:09,204 INFO o.a.j.p.j.s.JUnitSampler: Trying to find constructor with one String parameter returned error: test.RerunTest.<init>(java.lang.String)
2019-05-09 15:27:09,204 WARN o.a.j.p.j.s.JUnitSampler: test.RerunTest.setUp()
2019-05-09 15:27:09,205 WARN o.a.j.p.j.s.JUnitSampler: test.RerunTest.tearDown()
2019-05-09 15:27:09,205 INFO o.a.j.t.JMeterThread: Thread is done: Thread Group 1-6
2019-05-09 15:27:09,205 INFO o.a.j.t.JMeterThread: Thread finished: Thread Group 1-6
2019-05-09 15:27:09,281 INFO o.a.j.t.JMeterThread: Thread started: Thread Group 1-7
2019-05-09 15:27:09,285 INFO o.a.j.p.j.s.JUnitSampler: Trying to find constructor with one String parameter returned error: test.RerunTest.<init>(java.lang.String)
2019-05-09 15:27:09,286 WARN o.a.j.p.j.s.JUnitSampler: test.RerunTest.setUp()
2019-05-09 15:27:09,286 WARN o.a.j.p.j.s.JUnitSampler: test.RerunTest.tearDown()
2019-05-09 15:27:09,286 INFO o.a.j.t.JMeterThread: Thread is done: Thread Group 1-7
2019-05-09 15:27:09,286 INFO o.a.j.t.JMeterThread: Thread finished: Thread Group 1-7
2019-05-09 15:27:09,380 INFO o.a.j.t.JMeterThread: Thread started: Thread Group 1-8
2019-05-09 15:27:09,380 INFO o.a.j.p.j.s.JUnitSampler: Trying to find constructor with one String parameter returned error: test.RerunTest.<init>(java.lang.String)
2019-05-09 15:27:09,381 WARN o.a.j.p.j.s.JUnitSampler: test.RerunTest.setUp()
2019-05-09 15:27:09,381 WARN o.a.j.p.j.s.JUnitSampler: test.RerunTest.tearDown()
2019-05-09 15:27:09,381 INFO o.a.j.t.JMeterThread: Thread is done: Thread Group 1-8
2019-05-09 15:27:09,381 INFO o.a.j.t.JMeterThread: Thread finished: Thread Group 1-8
2019-05-09 15:27:09,480 INFO o.a.j.t.JMeterThread: Thread started: Thread Group 1-9
2019-05-09 15:27:09,482 INFO o.a.j.p.j.s.JUnitSampler: Trying to find constructor with one String parameter returned error: test.RerunTest.<init>(java.lang.String)
2019-05-09 15:27:09,482 WARN o.a.j.p.j.s.JUnitSampler: test.RerunTest.setUp()
2019-05-09 15:27:09,482 WARN o.a.j.p.j.s.JUnitSampler: test.RerunTest.tearDown()
2019-05-09 15:27:09,483 INFO o.a.j.t.JMeterThread: Thread is done: Thread Group 1-9
2019-05-09 15:27:09,483 INFO o.a.j.t.JMeterThread: Thread finished: Thread Group 1-9
2019-05-09 15:27:09,581 INFO o.a.j.t.JMeterThread: Thread started: Thread Group 1-10
2019-05-09 15:27:09,597 INFO o.a.j.p.j.s.JUnitSampler: Trying to find constructor with one String parameter returned error: test.RerunTest.<init>(java.lang.String)
2019-05-09 15:27:09,597 WARN o.a.j.p.j.s.JUnitSampler: test.RerunTest.setUp()
2019-05-09 15:27:09,597 WARN o.a.j.p.j.s.JUnitSampler: test.RerunTest.tearDown()
2019-05-09 15:27:09,597 INFO o.a.j.t.JMeterThread: Thread is done: Thread Group 1-10
2019-05-09 15:27:09,597 INFO o.a.j.t.JMeterThread: Thread finished: Thread Group 1-10
2019-05-09 15:27:09,597 INFO o.a.j.e.StandardJMeterEngine: Notifying test listeners of end of test
2019-05-09 15:27:09,597 INFO o.a.j.g.u.JMeterMenuBar: setRunning(false, *local*)
